<?xml version="1.0" encoding="UTF-8"?>
<testsuite name="com.example.task.domain.model.TaskTest" tests="9" skipped="0" failures="0" errors="0" timestamp="2026-03-20T01:52:54.474Z" hostname="DESKTOP-M9FOCU1" time="0.019">
  <properties/>
  <testcase name="markInProgress_whenCompleted_throws()" classname="com.example.task.domain.model.TaskTest" time="0.013"/>
  <testcase name="newTask_withNullTitle_throwsException()" classname="com.example.task.domain.model.TaskTest" time="0.001"/>
  <testcase name="newTask_withBlankTitle_throwsException()" classname="com.example.task.domain.model.TaskTest" time="0.0"/>
  <testcase name="markCompleted_fromInProgress_succeeds()" classname="com.example.task.domain.model.TaskTest" time="0.0"/>
  <testcase name="markInProgress_whenAlreadyInProgress_throws()" classname="com.example.task.domain.model.TaskTest" time="0.0"/>
  <testcase name="reconstitute_setsStatusDirectly()" classname="com.example.task.domain.model.TaskTest" time="0.0"/>
  <testcase name="markCompleted_fromPending_succeeds()" classname="com.example.task.domain.model.TaskTest" time="0.0"/>
  <testcase name="markCompleted_whenAlreadyCompleted_throws()" classname="com.example.task.domain.model.TaskTest" time="0.001"/>
  <testcase name="markInProgress_fromPending_succeeds()" classname="com.example.task.domain.model.TaskTest" time="0.0"/>
  <system-out><![CDATA[]]></system-out>
  <system-err><![CDATA[]]></system-err>
</testsuite>
